ELF Header:
  Magic:   7f 45 4c 46 02 01 01 00 00 00 00 00 00 00 00 00 
  Class:                             ELF64
  Data:                              2's complement, little endian
  Version:                           1 (current)
  OS/ABI:                            UNIX - System V
  ABI Version:                       0
  Type:                              EXEC (Executable file)
  Machine:                           AArch64
  Version:                           0x1
  Entry point address:               0xfffe0000
  Start of program headers:          64 (bytes into file)
  Start of section headers:          217592 (bytes into file)
  Flags:                             0x0
  Size of this header:               64 (bytes)
  Size of program headers:           56 (bytes)
  Number of program headers:         2
  Size of section headers:           64 (bytes)
  Number of section headers:         40
  Section header string table index: 39

Section Headers:
  [Nr] Name              Type             Address           Offset
       Size              EntSize          Flags  Link  Info  Align
  [ 0]                   NULL             0000000000000000  00000000
       0000000000000000  0000000000000000           0     0     0
  [ 1] .text             PROGBITS         00000000fffe0000  00010000
       000000000000162c  0000000000000000  AX       0     0     256
  [ 2] .init             PROGBITS         00000000fffe1640  00011640
       0000000000000034  0000000000000000  AX       0     0     4
  [ 3] .fini             PROGBITS         00000000fffe1680  00011680
       0000000000000034  0000000000000000  AX       0     0     4
  [ 4] .note.gnu.build-i NOTE             00000000fffe16b4  000116b4
       0000000000000024  0000000000000000   A       0     0     4
  [ 5] .rodata           PROGBITS         00000000fffe16d8  000116d8
       0000000000000048  0000000000000000   A       0     0     8
  [ 6] .rodata1          NOBITS           00000000fffe1720  00011720
       0000000000000020  0000000000000000  WA       0     0     1
  [ 7] .sdata2           PROGBITS         00000000fffe1740  0001a048
       0000000000000000  0000000000000000   W       0     0     1
  [ 8] .sbss2            PROGBITS         00000000fffe1740  0001a048
       0000000000000000  0000000000000000   W       0     0     1
  [ 9] .data             PROGBITS         00000000fffe1740  00011740
       00000000000008e0  0000000000000000  WA       0     0     8
  [10] .data1            NOBITS           00000000fffe2020  00012020
       0000000000000020  0000000000000000  WA       0     0     1
  [11] .ctors            PROGBITS         00000000fffe2040  0001a048
       0000000000000000  0000000000000000   W       0     0     1
  [12] .dtors            PROGBITS         00000000fffe2040  0001a048
       0000000000000000  0000000000000000   W       0     0     1
  [13] .eh_frame         PROGBITS         00000000fffe2040  00012040
       0000000000000004  0000000000000000   A       0     0     4
  [14] .mmu_tbl0         PROGBITS         00000000fffe3000  00013000
       0000000000000010  0000000000000000   A       0     0     1
  [15] .mmu_tbl1         PROGBITS         00000000fffe4000  00014000
       0000000000002000  0000000000000000   A       0     0     1
  [16] .mmu_tbl2         PROGBITS         00000000fffe6000  00016000
       0000000000004000  0000000000000000   A       0     0     1
  [17] .preinit_array    PREINIT_ARRAY    00000000fffea000  0001a048
       0000000000000000  0000000000000008  WA       0     0     1
  [18] .init_array       INIT_ARRAY       00000000fffea000  0001a000
       0000000000000008  0000000000000008  WA       0     0     8
  [19] .fini_array       FINI_ARRAY       00000000fffea008  0001a008
       0000000000000040  0000000000000008  WA       0     0     8
  [20] .sdata            NOBITS           00000000fffea048  0001a048
       0000000000000038  0000000000000000  WA       0     0     1
  [21] .sbss             PROGBITS         00000000fffea080  0001a048
       0000000000000000  0000000000000000   W       0     0     1
  [22] .tdata            PROGBITS         00000000fffea080  0001a048
       0000000000000000  0000000000000000 WAT       0     0     1
  [23] .tbss             NOBITS           00000000fffea080  00000000
       0000000000000000  0000000000000000 WAT       0     0     1
  [24] .bss              NOBITS           00000000fffea080  0001a048
       0000000000000040  0000000000000000  WA       0     0     8
  [25] .heap             NOBITS           00000000fffea0c0  0001a048
       0000000000002000  0000000000000000  WA       0     0     1
  [26] .stack            NOBITS           00000000fffec0c0  0001a048
       0000000000003000  0000000000000000  WA       0     0     1
  [27] .comment          PROGBITS         0000000000000000  0001a048
       0000000000000031  0000000000000001  MS       0     0     1
  [28] .debug_line       PROGBITS         0000000000000000  0001a079
       00000000000013b3  0000000000000000           0     0     1
  [29] .debug_info       PROGBITS         0000000000000000  0001b42c
       0000000000003082  0000000000000000           0     0     1
  [30] .debug_abbrev     PROGBITS         0000000000000000  0001e4ae
       0000000000000bc4  0000000000000000           0     0     1
  [31] .debug_aranges    PROGBITS         0000000000000000  0001f080
       0000000000000270  0000000000000000           0     0     16
  [32] .debug_str        PROGBITS         0000000000000000  0001f2f0
       000000000000f635  0000000000000001  MS       0     0     1
  [33] .debug_macro      PROGBITS         0000000000000000  0002e925
       00000000000033f7  0000000000000000           0     0     1
  [34] .debug_frame      PROGBITS         0000000000000000  00031d20
       0000000000000318  0000000000000000           0     0     8
  [35] .debug_loc        PROGBITS         0000000000000000  00032038
       00000000000006e1  0000000000000000           0     0     1
  [36] .debug_ranges     PROGBITS         0000000000000000  00032719
       00000000000000c0  0000000000000000           0     0     1
  [37] .symtab           SYMTAB           0000000000000000  000327e0
       0000000000001ce0  0000000000000018          38   188     8
  [38] .strtab           STRTAB           0000000000000000  000344c0
       0000000000000bc1  0000000000000000           0     0     1
  [39] .shstrtab         STRTAB           0000000000000000  00035081
       0000000000000172  0000000000000000           0     0     1
Key to Flags:
  W (write), A (alloc), X (execute), M (merge), S (strings), I (info),
  L (link order), O (extra OS processing required), G (group), T (TLS),
  C (compressed), x (unknown), o (OS specific), E (exclude),
  p (processor specific)

There are no section groups in this file.

Program Headers:
  Type           Offset             VirtAddr           PhysAddr
                 FileSiz            MemSiz              Flags  Align
  LOAD           0x0000000000010000 0x00000000fffe0000 0x00000000fffe0000
                 0x000000000000a048 0x000000000000f0c0  RWE    0x10000
  NOTE           0x00000000000116b4 0x00000000fffe16b4 0x00000000fffe16b4
                 0x0000000000000024 0x0000000000000024  R      0x4

 Section to Segment mapping:
  Segment Sections...
   00     .text .init .fini .note.gnu.build-id .rodata .rodata1 .data .data1 .eh_frame .mmu_tbl0 .mmu_tbl1 .mmu_tbl2 .init_array .fini_array .sdata .bss .heap .stack 
   01     .note.gnu.build-id 

There is no dynamic section in this file.

There are no relocations in this file.

The decoding of unwind sections for machine type AArch64 is not currently supported.

Symbol table '.symtab' contains 308 entries:
   Num:    Value          Size Type    Bind   Vis      Ndx Name
     0: 0000000000000000     0 NOTYPE  LOCAL  DEFAULT  UND 
     1: 00000000fffe0000     0 SECTION LOCAL  DEFAULT    1 
     2: 00000000fffe1640     0 SECTION LOCAL  DEFAULT    2 
     3: 00000000fffe1680     0 SECTION LOCAL  DEFAULT    3 
     4: 00000000fffe16b4     0 SECTION LOCAL  DEFAULT    4 
     5: 00000000fffe16d8     0 SECTION LOCAL  DEFAULT    5 
     6: 00000000fffe1720     0 SECTION LOCAL  DEFAULT    6 
     7: 00000000fffe1740     0 SECTION LOCAL  DEFAULT    7 
     8: 00000000fffe1740     0 SECTION LOCAL  DEFAULT    8 
     9: 00000000fffe1740     0 SECTION LOCAL  DEFAULT    9 
    10: 00000000fffe2020     0 SECTION LOCAL  DEFAULT   10 
    11: 00000000fffe2040     0 SECTION LOCAL  DEFAULT   11 
    12: 00000000fffe2040     0 SECTION LOCAL  DEFAULT   12 
    13: 00000000fffe2040     0 SECTION LOCAL  DEFAULT   13 
    14: 00000000fffe3000     0 SECTION LOCAL  DEFAULT   14 
    15: 00000000fffe4000     0 SECTION LOCAL  DEFAULT   15 
    16: 00000000fffe6000     0 SECTION LOCAL  DEFAULT   16 
    17: 00000000fffea000     0 SECTION LOCAL  DEFAULT   17 
    18: 00000000fffea000     0 SECTION LOCAL  DEFAULT   18 
    19: 00000000fffea008     0 SECTION LOCAL  DEFAULT   19 
    20: 00000000fffea048     0 SECTION LOCAL  DEFAULT   20 
    21: 00000000fffea080     0 SECTION LOCAL  DEFAULT   21 
    22: 00000000fffea080     0 SECTION LOCAL  DEFAULT   22 
    23: 00000000fffea080     0 SECTION LOCAL  DEFAULT   23 
    24: 00000000fffea080     0 SECTION LOCAL  DEFAULT   24 
    25: 00000000fffea0c0     0 SECTION LOCAL  DEFAULT   25 
    26: 00000000fffec0c0     0 SECTION LOCAL  DEFAULT   26 
    27: 0000000000000000     0 SECTION LOCAL  DEFAULT   27 
    28: 0000000000000000     0 SECTION LOCAL  DEFAULT   28 
    29: 0000000000000000     0 SECTION LOCAL  DEFAULT   29 
    30: 0000000000000000     0 SECTION LOCAL  DEFAULT   30 
    31: 0000000000000000     0 SECTION LOCAL  DEFAULT   31 
    32: 0000000000000000     0 SECTION LOCAL  DEFAULT   32 
    33: 0000000000000000     0 SECTION LOCAL  DEFAULT   33 
    34: 0000000000000000     0 SECTION LOCAL  DEFAULT   34 
    35: 0000000000000000     0 SECTION LOCAL  DEFAULT   35 
    36: 0000000000000000     0 SECTION LOCAL  DEFAULT   36 
    37: 0000000000000000     0 FILE    LOCAL  DEFAULT  ABS asm_vectors.o
    38: 0000000000000210     0 NOTYPE  LOCAL  DEFAULT  ABS FPUContextSize
    39: 00000000fffe0000     0 NOTYPE  LOCAL  DEFAULT    1 VBAR
    40: 00000000fffe0000     0 NOTYPE  LOCAL  DEFAULT    1 $x
    41: 00000000fffe0384     0 NOTYPE  LOCAL  DEFAULT    1 SynchronousInterruptHandl
    42: 00000000fffe0488     0 NOTYPE  LOCAL  DEFAULT    1 IRQInterruptHandler
    43: 00000000fffe0584     0 NOTYPE  LOCAL  DEFAULT    1 FIQInterruptHandler
    44: 00000000fffe05e4     0 NOTYPE  LOCAL  DEFAULT    1 SErrorInterruptHandler
    45: 00000000fffe0454     0 NOTYPE  LOCAL  DEFAULT    1 synchronoushandler
    46: 00000000fffe03f8     0 NOTYPE  LOCAL  DEFAULT    1 storefloat
    47: 00000000fffe0700     0 NOTYPE  LOCAL  DEFAULT    1 FPUContext
    48: 00000000fffe0910     0 NOTYPE  LOCAL  DEFAULT    1 FPUContextBase
    49: 00000000fffe0458     0 NOTYPE  LOCAL  DEFAULT    1 restorecontext
    50: 00000000fffe0540     0 NOTYPE  LOCAL  DEFAULT    1 RestorePrevState
    51: 00000000fffe0644     0 NOTYPE  LOCAL  DEFAULT    1 $d
    52: 0000000000000000     0 FILE    LOCAL  DEFAULT  ABS boot.o
    53: 0000000000000000     0 NOTYPE  LOCAL  DEFAULT  ABS TT_S1_FAULT
    54: 0000000000000003     0 NOTYPE  LOCAL  DEFAULT  ABS TT_S1_TABLE
    55: 00000000fd5c0040     0 NOTYPE  LOCAL  DEFAULT  ABS rvbar_base
    56: 0000000001fc9f08     0 NOTYPE  LOCAL  DEFAULT  ABS counterfreq
    57: 0000000000000005     0 NOTYPE  LOCAL  DEFAULT  ABS MODE_EL1
    58: 00000000000001c0     0 NOTYPE  LOCAL  DEFAULT  ABS DAIF_BIT
    59: 00000000fffe0938     0 NOTYPE  LOCAL  DEFAULT    1 $x
    60: 00000000fffe09b4     0 NOTYPE  LOCAL  DEFAULT    1 OKToRun
    61: 00000000fffe09cc     0 NOTYPE  LOCAL  DEFAULT    1 InitEL3
    62: 00000000fffe0ab4     0 NOTYPE  LOCAL  DEFAULT    1 InitEL1
    63: 00000000fffe0ab8     0 NOTYPE  LOCAL  DEFAULT    1 error
    64: 00000000fffe0abc     0 NOTYPE  LOCAL  DEFAULT    1 invalidate_dcaches
    65: 00000000fffe0b44     0 NOTYPE  LOCAL  DEFAULT    1 invalidateCaches_end
    66: 00000000fffe0ad4     0 NOTYPE  LOCAL  DEFAULT    1 invalidateCaches_flush_le
    67: 00000000fffe0b38     0 NOTYPE  LOCAL  DEFAULT    1 invalidateCaches_next_lev
    68: 00000000fffe0b0c     0 NOTYPE  LOCAL  DEFAULT    1 invalidateCaches_flush_se
    69: 00000000fffe0b10     0 NOTYPE  LOCAL  DEFAULT    1 invalidateCaches_flush_wa
    70: 00000000fffe0b48     0 NOTYPE  LOCAL  DEFAULT    1 $d
    71: 00000000fffe0b4c     0 NOTYPE  LOCAL  DEFAULT    1 $x
    72: 00000000fffe0b50     0 NOTYPE  LOCAL  DEFAULT    1 $d
    73: 0000000000000000     0 FILE    LOCAL  DEFAULT  ABS c:/eng/xilinx/sdk/2018.2/
    74: 00000000fffe1640     0 NOTYPE  LOCAL  DEFAULT    2 $x
    75: 00000000fffe1680     0 NOTYPE  LOCAL  DEFAULT    3 $x
    76: 0000000000000000     0 FILE    LOCAL  DEFAULT  ABS crtstuff.c
    77: 00000000fffe2040     0 OBJECT  LOCAL  DEFAULT   13 
    78: 00000000fffe0b90     0 NOTYPE  LOCAL  DEFAULT    1 $x
    79: 00000000fffe0b90     0 FUNC    LOCAL  DEFAULT    1 deregister_tm_clones
    80: 00000000fffe0bb8     0 NOTYPE  LOCAL  DEFAULT    1 $d
    81: 00000000fffe0bc0     0 NOTYPE  LOCAL  DEFAULT    1 $x
    82: 00000000fffe0bc0     0 FUNC    LOCAL  DEFAULT    1 register_tm_clones
    83: 00000000fffe0bf8     0 NOTYPE  LOCAL  DEFAULT    1 $d
    84: 00000000fffe1740     0 NOTYPE  LOCAL  DEFAULT    9 $d
    85: 00000000fffe0c00     0 NOTYPE  LOCAL  DEFAULT    1 $x
    86: 00000000fffe0c00     0 FUNC    LOCAL  DEFAULT    1 __do_global_dtors_aux
    87: 00000000fffea080     1 OBJECT  LOCAL  DEFAULT   24 completed.7075
    88: 00000000fffe0c48     0 NOTYPE  LOCAL  DEFAULT    1 $d
    89: 00000000fffea040     0 NOTYPE  LOCAL  DEFAULT   19 $d
    90: 00000000fffea040     0 OBJECT  LOCAL  DEFAULT   19 __do_global_dtors_aux_fin
    91: 00000000fffe0c50     0 NOTYPE  LOCAL  DEFAULT    1 $x
    92: 00000000fffe0c50     0 FUNC    LOCAL  DEFAULT    1 frame_dummy
    93: 00000000fffea088    48 OBJECT  LOCAL  DEFAULT   24 object.7080
    94: 00000000fffe0c80     0 NOTYPE  LOCAL  DEFAULT    1 $d
    95: 00000000fffea000     0 NOTYPE  LOCAL  DEFAULT   18 $d
    96: 00000000fffea000     0 OBJECT  LOCAL  DEFAULT   18 __frame_dummy_init_array_
    97: 00000000fffea081     0 NOTYPE  LOCAL  DEFAULT   24 $d
    98: 0000000000000000     0 FILE    LOCAL  DEFAULT  ABS c:/eng/xilinx/sdk/2018.2/
    99: 00000000fffe0c88     0 NOTYPE  LOCAL  DEFAULT    1 $x
   100: 00000000fffe0d80     0 NOTYPE  LOCAL  DEFAULT    1 $d
   101: 00000000fffe1748     0 NOTYPE  LOCAL  DEFAULT    9 HeapBase
   102: 00000000fffe1768     0 NOTYPE  LOCAL  DEFAULT    9 env
   103: 00000000fffe1770     0 NOTYPE  LOCAL  DEFAULT    9 CommandLine
   104: 00000000fffe1748     0 NOTYPE  LOCAL  DEFAULT    9 $d
   105: 00000000fffe1758     0 NOTYPE  LOCAL  DEFAULT    9 StackBase
   106: 00000000fffe1750     0 NOTYPE  LOCAL  DEFAULT    9 HeapLimit
   107: 00000000fffe1760     0 NOTYPE  LOCAL  DEFAULT    9 StackLimit
   108: 0000000000000000     0 FILE    LOCAL  DEFAULT  ABS helloworld.c
   109: 00000000fffe1700     0 NOTYPE  LOCAL  DEFAULT    5 $d
   110: 00000000fffe0db8     0 NOTYPE  LOCAL  DEFAULT    1 $x
   111: 0000000000000010     0 NOTYPE  LOCAL  DEFAULT   34 $d
   112: 0000000000000000     0 FILE    LOCAL  DEFAULT  ABS platform.c
   113: 00000000fffe0de0     0 NOTYPE  LOCAL  DEFAULT    1 $x
   114: 0000000000000048     0 NOTYPE  LOCAL  DEFAULT   34 $d
   115: 0000000000000000     0 FILE    LOCAL  DEFAULT  ABS initialise_monitor_handle
   116: 00000000fffe0e30     0 NOTYPE  LOCAL  DEFAULT    1 $x
   117: 00000000000000f0     0 NOTYPE  LOCAL  DEFAULT   34 $d
   118: 0000000000000000     0 FILE    LOCAL  DEFAULT  ABS print.c
   119: 00000000fffe0e38     0 NOTYPE  LOCAL  DEFAULT    1 $x
   120: 0000000000000118     0 NOTYPE  LOCAL  DEFAULT   34 $d
   121: 0000000000000000     0 FILE    LOCAL  DEFAULT  ABS translation_table.o
   122: 0000000000000000     0 NOTYPE  LOCAL  DEFAULT  ABS reserved
   123: 0000000000000705     0 NOTYPE  LOCAL  DEFAULT  ABS Memory
   124: 0060000000000409     0 NOTYPE  LOCAL  DEFAULT  ABS Device
   125: 00000000ffe00000     0 NOTYPE  LOCAL  DEFAULT  ABS SECT
   126: 0000000000000000     0 NOTYPE  LOCAL  DEFAULT  ABS DDR_1_REG
   127: 0000000000000020     0 NOTYPE  LOCAL  DEFAULT  ABS UNDEF_1_REG
   128: 0000000000000000     0 NOTYPE  LOCAL  DEFAULT  ABS DDR_0_START
   129: 000000003fffffff     0 NOTYPE  LOCAL  DEFAULT  ABS DDR_0_END
   130: 0000000040000000     0 NOTYPE  LOCAL  DEFAULT  ABS DDR_0_SIZE
   131: 0000000000000200     0 NOTYPE  LOCAL  DEFAULT  ABS DDR_0_REG
   132: 0000000000000200     0 NOTYPE  LOCAL  DEFAULT  ABS UNDEF_0_REG
   133: 0000000000000000     0 FILE    LOCAL  DEFAULT  ABS vectors.c
   134: 00000000fffe0e68     0 NOTYPE  LOCAL  DEFAULT    1 $x
   135: 0000000000000158     0 NOTYPE  LOCAL  DEFAULT   34 $d
   136: 0000000000000000     0 FILE    LOCAL  DEFAULT  ABS xil-crt0.S
   137: 00000000fffe0ea8     0 NOTYPE  LOCAL  DEFAULT    1 $d
   138: 00000000fd5c0090     0 NOTYPE  LOCAL  DEFAULT  ABS APU_PWRCTL
   139: 00000000fffe0ec8     0 NOTYPE  LOCAL  DEFAULT    1 $x
   140: 00000000fffe0f38     0 NOTYPE  LOCAL  DEFAULT    1 $d
   141: 0000000000000000     0 FILE    LOCAL  DEFAULT  ABS xil_exception.c
   142: 00000000fffe0f40     0 NOTYPE  LOCAL  DEFAULT    1 $x
   143: 00000000fffe0f40     4 FUNC    LOCAL  DEFAULT    1 Xil_ExceptionNullHandler
   144: 00000000fffe1870     0 NOTYPE  LOCAL  DEFAULT    9 $d
   145: 00000000000001c8     0 NOTYPE  LOCAL  DEFAULT   34 $d
   146: 0000000000000000     0 FILE    LOCAL  DEFAULT  ABS outbyte.c
   147: 00000000fffe0fd0     0 NOTYPE  LOCAL  DEFAULT    1 $x
   148: 0000000000000280     0 NOTYPE  LOCAL  DEFAULT   34 $d
   149: 0000000000000000     0 FILE    LOCAL  DEFAULT  ABS xuartps_hw.c
   150: 00000000fffe0fe0     0 NOTYPE  LOCAL  DEFAULT    1 $x
   151: 00000000000002a8     0 NOTYPE  LOCAL  DEFAULT   34 $d
   152: 0000000000000000     0 FILE    LOCAL  DEFAULT  ABS atexit.c
   153: 00000000fffe1090     0 NOTYPE  LOCAL  DEFAULT    1 $x
   154: 0000000000000000     0 FILE    LOCAL  DEFAULT  ABS exit.c
   155: 00000000fffe10a8     0 NOTYPE  LOCAL  DEFAULT    1 $x
   156: 0000000000000000     0 FILE    LOCAL  DEFAULT  ABS fini.c
   157: 00000000fffe10e0     0 NOTYPE  LOCAL  DEFAULT    1 $x
   158: 00000000fffe1120     0 NOTYPE  LOCAL  DEFAULT    1 $d
   159: 00000000fffe1128     0 NOTYPE  LOCAL  DEFAULT    1 $d
   160: 0000000000000000     0 FILE    LOCAL  DEFAULT  ABS impure.c
   161: 00000000fffe1710     0 NOTYPE  LOCAL  DEFAULT    5 $d
   162: 00000000fffe18d8  1864 OBJECT  LOCAL  DEFAULT    9 impure_data
   163: 00000000fffe18d0     0 NOTYPE  LOCAL  DEFAULT    9 $d
   164: 00000000fffe1718     0 NOTYPE  LOCAL  DEFAULT    5 $d
   165: 0000000000000000     0 FILE    LOCAL  DEFAULT  ABS init.c
   166: 00000000fffe1130     0 NOTYPE  LOCAL  DEFAULT    1 $x
   167: 00000000fffe11b0     0 NOTYPE  LOCAL  DEFAULT    1 $d
   168: 00000000fffe11b8     0 NOTYPE  LOCAL  DEFAULT    1 $d
   169: 00000000fffe11c0     0 NOTYPE  LOCAL  DEFAULT    1 $d
   170: 00000000fffe11c8     0 NOTYPE  LOCAL  DEFAULT    1 $d
   171: 0000000000000000     0 FILE    LOCAL  DEFAULT  ABS lib_a-memset.o
   172: 00000000fffe1200     0 NOTYPE  LOCAL  DEFAULT    1 $x
   173: 0000000000000000     0 FILE    LOCAL  DEFAULT  ABS __atexit.c
   174: 00000000fffe13d8     0 NOTYPE  LOCAL  DEFAULT    1 $x
   175: 00000000fffe14c8     0 NOTYPE  LOCAL  DEFAULT    1 $d
   176: 0000000000000000     0 FILE    LOCAL  DEFAULT  ABS __call_atexit.c
   177: 00000000fffe14d0     0 NOTYPE  LOCAL  DEFAULT    1 $x
   178: 00000000fffe1620     0 NOTYPE  LOCAL  DEFAULT    1 $d
   179: 0000000000000000     0 FILE    LOCAL  DEFAULT  ABS _exit.c
   180: 00000000fffe1628     0 NOTYPE  LOCAL  DEFAULT    1 $x
   181: 0000000000000300     0 NOTYPE  LOCAL  DEFAULT   34 $d
   182: 0000000000000000     0 FILE    LOCAL  DEFAULT  ABS crtstuff.c
   183: 00000000fffe2040     0 NOTYPE  LOCAL  DEFAULT   13 $d
   184: 00000000fffe2040     0 OBJECT  LOCAL  DEFAULT   13 __FRAME_END__
   185: 0000000000000000     0 FILE    LOCAL  DEFAULT  ABS c:/eng/xilinx/sdk/2018.2/
   186: 00000000fffe1658     0 NOTYPE  LOCAL  DEFAULT    2 $x
   187: 00000000fffe1698     0 NOTYPE  LOCAL  DEFAULT    3 $x
   188: 00000000fffee4c0     0 NOTYPE  GLOBAL DEFAULT   26 _el1_stack_end
   189: 00000000fffe6000     0 NOTYPE  GLOBAL DEFAULT   16 __mmu_tbl2_start
   190: 00000000fffe0e88    16 FUNC    GLOBAL DEFAULT    1 SynchronousInterrupt
   191: 00000000fffe0000     0 NOTYPE  GLOBAL DEFAULT    1 _vector_table
   192: 00000000fffe2044     0 NOTYPE  GLOBAL DEFAULT   13 __eh_framehdr_start
   193: 00000000fffe2040     0 NOTYPE  GLOBAL DEFAULT   11 ___CTORS_LIST___
   194: 00000000fffe0e38    48 FUNC    GLOBAL DEFAULT    1 print
   195: 0000000000000400     0 NOTYPE  GLOBAL DEFAULT  ABS _EL2_STACK_SIZE
   196: 0000000000000400     0 NOTYPE  GLOBAL DEFAULT  ABS _EL0_STACK_SIZE
   197: 00000000fffe0e30     4 FUNC    WEAK   DEFAULT    1 initialise_monitor_handle
   198: 00000000fffe0de0     8 FUNC    GLOBAL DEFAULT    1 enable_caches
   199: 00000000fffea000     0 NOTYPE  GLOBAL DEFAULT   16 __exidx_end
   200: 00000000fffe0fe0    28 FUNC    GLOBAL DEFAULT    1 XUartPs_SendByte
   201: 00000000fffe0f58     4 FUNC    GLOBAL DEFAULT    1 Xil_ExceptionInit
   202: 00000000fffea080     0 NOTYPE  GLOBAL DEFAULT   21 __sbss_start
   203: 00000000fffe1000    28 FUNC    GLOBAL DEFAULT    1 XUartPs_RecvByte
   204: 00000000fffee4c0     0 NOTYPE  GLOBAL DEFAULT   26 __el2_stack
   205: 00000000fffee0c0     0 NOTYPE  GLOBAL DEFAULT   26 _el2_stack_end
   206: 00000000fffe2040     0 NOTYPE  GLOBAL DEFAULT   12 __fixup_start
   207: 00000000fffe0938     0 NOTYPE  GLOBAL DEFAULT    1 _boot
   208: 00000000fffe2040     0 NOTYPE  GLOBAL DEFAULT   12 __fixup_end
   209: 00000000fffe2020     0 OBJECT  GLOBAL HIDDEN     9 __TMC_END__
   210: 00000000fffea080     0 NOTYPE  GLOBAL DEFAULT   20 __sdata_start
   211: 00000000fffe3010     0 NOTYPE  GLOBAL DEFAULT   14 __mmu_tbl0_end
   212: 00000000fffe2040     0 NOTYPE  GLOBAL DEFAULT   12 __DTOR_END__
   213: 00000000fffe0df8    28 FUNC    GLOBAL DEFAULT    1 init_platform
   214: 00000000fffea048     0 NOTYPE  GLOBAL DEFAULT   19 __fini_array_end
   215: 00000000fffe1720     0 NOTYPE  GLOBAL DEFAULT    5 __rodata_end
   216: 00000000fffe2040     0 NOTYPE  GLOBAL DEFAULT   10 __data1_start
   217: 00000000fffe1740     0 NOTYPE  GLOBAL DEFAULT    8 __sbss2_end
   218: 00000000fffea080     0 NOTYPE  GLOBAL DEFAULT   24 __bss_start__
   219: 00000000fffe1740     0 OBJECT  GLOBAL HIDDEN     9 __dso_handle
   220: 00000000fffe0df0     8 FUNC    GLOBAL DEFAULT    1 init_uart
   221: 00000000fffe6000     0 NOTYPE  GLOBAL DEFAULT   16 MMUTableL2
   222: 00000000fffec0c0     0 NOTYPE  GLOBAL DEFAULT   25 _heap_end
   223: 00000000fffea000     0 NOTYPE  GLOBAL DEFAULT   16 __exidx_start
   224: 00000000fffe0e78    16 FUNC    GLOBAL DEFAULT    1 IRQInterrupt
   225: 00000000fffe1710     8 OBJECT  GLOBAL DEFAULT    5 _global_impure_ptr
   226: 00000000fffe1130   124 FUNC    GLOBAL DEFAULT    1 __libc_init_array
   227: 00000000fffe1740     0 NOTYPE  GLOBAL DEFAULT    6 __rodata1_start
   228: 00000000fffe0f48     4 FUNC    GLOBAL DEFAULT    1 Xil_SyncAbortHandler
   229: 00000000fffe0c88     0 NOTYPE  GLOBAL DEFAULT    1 _mainCRTStartup
   230: 00000000fffea048     0 NOTYPE  GLOBAL DEFAULT   19 __ARM.attributes_end
   231: 00000000fffe0ec8   112 NOTYPE  GLOBAL DEFAULT    1 _startup
   232: 00000000fffea080     0 NOTYPE  GLOBAL DEFAULT   23 __tbss_start
   233: 00000000fffe1640     0 FUNC    GLOBAL DEFAULT    2 _init
   234: 00000000fffe6000     0 NOTYPE  GLOBAL DEFAULT   15 __mmu_tbl1_end
   235: 00000000fffe0f50     4 FUNC    GLOBAL DEFAULT    1 Xil_SErrorAbortHandler
   236: 00000000fffe10e0    60 FUNC    GLOBAL DEFAULT    1 __libc_fini_array
   237: 00000000fffe0f60    28 FUNC    GLOBAL DEFAULT    1 Xil_ExceptionRegisterHand
   238: 00000000fffea0c0     0 NOTYPE  GLOBAL DEFAULT   25 _heap_start
   239: 00000000fffea080     0 NOTYPE  GLOBAL DEFAULT   21 __sbss_end
   240: 00000000fffe0938     0 NOTYPE  GLOBAL DEFAULT    1 _prestart
   241: 00000000fffe1758     0 NOTYPE  GLOBAL DEFAULT    9 __stack_base__
   242: 00000000fffe2040     0 NOTYPE  GLOBAL DEFAULT   11 __CTOR_LIST__
   243: 00000000fffe1740     0 NOTYPE  GLOBAL DEFAULT    8 __sbss2_start
   244: 00000000fffea0c0     0 NOTYPE  GLOBAL DEFAULT   24 __bss_end__
   245: 00000000fffec0c0     0 NOTYPE  GLOBAL DEFAULT   26 _el3_stack_end
   246: 00000000fffe14d0   336 FUNC    GLOBAL DEFAULT    1 __call_exitprocs
   247: 00000000fffe0c88     0 NOTYPE  GLOBAL DEFAULT    1 _start
   248: 00000000fffe1700     0 NOTYPE  GLOBAL DEFAULT    5 __rodata_start
   249: 00000000fffea080     0 NOTYPE  GLOBAL DEFAULT  ABS _SDA_BASE_
   250: 00000000fffe13d8   240 FUNC    GLOBAL DEFAULT    1 __register_exitproc
   251: 00000000fffe2020     0 NOTYPE  GLOBAL DEFAULT    9 __data_end
   252: 00000000fffea0c0     0 NOTYPE  GLOBAL DEFAULT   25 HeapBase
   253: 0000000000000800     0 NOTYPE  GLOBAL DEFAULT  ABS _EL1_STACK_SIZE
   254: 00000000fffe0918     0 NOTYPE  GLOBAL DEFAULT    1 FPUStatus
   255: 00000000fffe3000     0 NOTYPE  GLOBAL DEFAULT   14 MMUTableL0
   256: 00000000fffe2044     0 NOTYPE  GLOBAL DEFAULT   13 __eh_framehdr_end
   257: 00000000fffe0fd0    12 FUNC    GLOBAL DEFAULT    1 outbyte
   258: 00000000fffea040     0 NOTYPE  GLOBAL DEFAULT   19 __fini_array_start
   259: 0000000000002000     0 NOTYPE  GLOBAL DEFAULT  ABS _STACK_SIZE
   260: 00000000fffea080     0 NOTYPE  GLOBAL DEFAULT   22 __tdata_start
   261: 00000000fffea080     0 NOTYPE  GLOBAL DEFAULT   22 __tdata_end
   262: 00000000fffe1200   472 FUNC    GLOBAL DEFAULT    1 memset
   263: 00000000fffe0db8    40 FUNC    GLOBAL DEFAULT    1 main
   264: 0000000000002000     0 NOTYPE  GLOBAL DEFAULT  ABS _HEAP_SIZE
   265: 00000000fffe0e98    16 FUNC    GLOBAL DEFAULT    1 SErrorInterrupt
   266: 00000000fffea008     0 NOTYPE  GLOBAL DEFAULT   18 __init_array_end
   267: 00000000fffe0de8     8 FUNC    GLOBAL DEFAULT    1 disable_caches
   268: 00000000fffee0c0     0 NOTYPE  GLOBAL DEFAULT   26 __el3_stack
   269: 00000000fffe2040     0 NOTYPE  GLOBAL DEFAULT   12 ___DTORS_END___
   270: 00000000fffea080     0 NOTYPE  GLOBAL DEFAULT   20 __sdata_end
   271: 00000000fffe1740     0 NOTYPE  GLOBAL DEFAULT    7 __sdata2_start
   272: 00000000fffe2040     0 NOTYPE  GLOBAL DEFAULT   11 __CTOR_END__
   273: 00000000fffe2040     0 NOTYPE  GLOBAL DEFAULT   12 ___DTORS_LIST___
   274: 00000000fffe2040     0 NOTYPE  GLOBAL DEFAULT   12 __DTOR_LIST__
   275: 00000000fffeecc0     0 NOTYPE  GLOBAL DEFAULT   26 _el0_stack_end
   276: 00000000fffe1680     0 FUNC    GLOBAL DEFAULT    3 _fini
   277: 00000000fffeecc0     0 NOTYPE  GLOBAL DEFAULT   26 __el1_stack
   278: 00000000fffe1090    20 FUNC    GLOBAL DEFAULT    1 atexit
   279: 00000000fffe18d0     8 OBJECT  GLOBAL DEFAULT    9 _impure_ptr
   280: 00000000fffea000     0 NOTYPE  GLOBAL DEFAULT   17 __preinit_array_end
   281: 00000000fffe1740     0 NOTYPE  GLOBAL DEFAULT    7 __sdata2_end
   282: 00000000fffef0c0     0 NOTYPE  GLOBAL DEFAULT   26 __el0_stack
   283: 00000000fffe1870    96 OBJECT  GLOBAL DEFAULT    9 XExc_VectorTable
   284: 00000000fffe2040     0 NOTYPE  GLOBAL DEFAULT   11 ___CTORS_END___
   285: 00000000fffec0c0     0 NOTYPE  GLOBAL DEFAULT   25 HeapLimit
   286: 00000000fffe0fa8    36 FUNC    GLOBAL DEFAULT    1 Xil_ExceptionRemoveHandle
   287: 00000000fffef0c0     0 NOTYPE  GLOBAL DEFAULT   26 _end
   288: 00000000fffe1020   112 FUNC    GLOBAL DEFAULT    1 XUartPs_ResetHw
   289: 00000000fffe1740     0 NOTYPE  GLOBAL DEFAULT    6 __rodata1_end
   290: 00000000fffe0e14    24 FUNC    GLOBAL DEFAULT    1 cleanup_platform
   291: 00000000fffe2040     0 NOTYPE  GLOBAL DEFAULT   10 __data1_end
   292: 00000000fffea0c0     0 NOTYPE  GLOBAL DEFAULT   25 _heap
   293: 00000000fffe10a8    52 FUNC    GLOBAL DEFAULT    1 exit
   294: 00000000fffea000     0 NOTYPE  GLOBAL DEFAULT   16 __mmu_tbl2_end
   295: 00000000fffe4000     0 NOTYPE  GLOBAL DEFAULT   15 __mmu_tbl1_start
   296: 00000000fffea080     0 NOTYPE  GLOBAL DEFAULT   23 __tbss_end
   297: 00000000fffea000     0 NOTYPE  GLOBAL DEFAULT   18 __init_array_start
   298: 00000000fffe1628     4 FUNC    WEAK   DEFAULT    1 _exit
   299: 00000000fffe0e68    16 FUNC    GLOBAL DEFAULT    1 FIQInterrupt
   300: 00000000fffe0d7c     0 NOTYPE  WEAK   DEFAULT    1 _cpu_init_hook
   301: 00000000fffe1740     0 NOTYPE  GLOBAL DEFAULT    9 __data_start
   302: 00000000fffe3000     0 NOTYPE  GLOBAL DEFAULT   14 __mmu_tbl0_start
   303: 00000000fffea000     0 NOTYPE  GLOBAL DEFAULT   17 __preinit_array_start
   304: 00000000fffe4000     0 NOTYPE  GLOBAL DEFAULT   15 MMUTableL1
   305: 00000000fffe1740     0 NOTYPE  GLOBAL DEFAULT  ABS _SDA2_BASE_
   306: 00000000fffe0f80    36 FUNC    GLOBAL DEFAULT    1 Xil_GetExceptionRegisterH
   307: 00000000fffea048     0 NOTYPE  GLOBAL DEFAULT   19 __ARM.attributes_start

No version information found in this file.

Displaying notes found in: .note.gnu.build-id
  Owner                 Data size	Description
  GNU                  0x00000014	NT_GNU_BUILD_ID (unique build ID bitstring)
    Build ID: 2a0bf9bf961c0ce51533a7be459cfa13634df27f
